2023-01-11 08:48:38,858 INFO    StreamThr :3681 [internal.py:wandb_internal():88] W&B internal server running at pid: 3681, started at: 2023-01-11 08:48:38.856795
2023-01-11 08:48:38,860 DEBUG   HandlerThread:3681 [handler.py:handle_request():139] handle_request: status
2023-01-11 08:48:38,862 DEBUG   SenderThread:3681 [sender.py:send_request():317] send_request: status
2023-01-11 08:48:38,863 INFO    WriterThread:3681 [datastore.py:open_for_write():75] open: /Users/imlim/Aiffel/segmentation/wandb/run-20230111_084838-1qnsd6zo/run-1qnsd6zo.wandb
2023-01-11 08:48:38,864 DEBUG   SenderThread:3681 [sender.py:send():303] send: header
2023-01-11 08:48:38,864 DEBUG   SenderThread:3681 [sender.py:send():303] send: run
2023-01-11 08:48:39,372 DEBUG   HandlerThread:3681 [handler.py:handle_request():139] handle_request: check_version
2023-01-11 08:48:39,376 INFO    SenderThread:3681 [dir_watcher.py:__init__():216] watching files in: /Users/imlim/Aiffel/segmentation/wandb/run-20230111_084838-1qnsd6zo/files
2023-01-11 08:48:39,376 INFO    SenderThread:3681 [sender.py:_start_run_threads():928] run started: 1qnsd6zo with start time 1673394518.84949
2023-01-11 08:48:39,376 DEBUG   SenderThread:3681 [sender.py:send():303] send: summary
2023-01-11 08:48:39,377 INFO    SenderThread:3681 [sender.py:_save_file():1171] saving file wandb-summary.json with policy end
2023-01-11 08:48:39,377 DEBUG   SenderThread:3681 [sender.py:send_request():317] send_request: check_version
2023-01-11 08:48:40,381 INFO    Thread-13 :3681 [dir_watcher.py:_on_file_created():275] file/dir created: /Users/imlim/Aiffel/segmentation/wandb/run-20230111_084838-1qnsd6zo/files/wandb-summary.json
2023-01-11 08:48:40,491 DEBUG   HandlerThread:3681 [handler.py:handle_request():139] handle_request: run_start
2023-01-11 08:48:40,499 DEBUG   HandlerThread:3681 [system_info.py:__init__():31] System info init
2023-01-11 08:48:40,499 DEBUG   HandlerThread:3681 [system_info.py:__init__():46] System info init done
2023-01-11 08:48:40,499 INFO    HandlerThread:3681 [system_monitor.py:start():150] Starting system monitor
2023-01-11 08:48:40,499 INFO    SystemMonitor:3681 [system_monitor.py:_start():116] Starting system asset monitoring threads
2023-01-11 08:48:40,499 INFO    HandlerThread:3681 [system_monitor.py:probe():168] Collecting system info
2023-01-11 08:48:40,500 DEBUG   HandlerThread:3681 [system_info.py:probe():195] Probing system
2023-01-11 08:48:40,500 INFO    SystemMonitor:3681 [interfaces.py:start():168] Started cpu
2023-01-11 08:48:40,501 INFO    SystemMonitor:3681 [interfaces.py:start():168] Started disk
2023-01-11 08:48:40,503 INFO    SystemMonitor:3681 [interfaces.py:start():168] Started gpuapple
2023-01-11 08:48:40,504 INFO    SystemMonitor:3681 [interfaces.py:start():168] Started memory
2023-01-11 08:48:40,505 INFO    SystemMonitor:3681 [interfaces.py:start():168] Started network
2023-01-11 08:48:40,505 DEBUG   HandlerThread:3681 [git.py:repo():40] git repository is invalid
2023-01-11 08:48:40,505 DEBUG   HandlerThread:3681 [system_info.py:probe():241] Probing system done
2023-01-11 08:48:40,505 DEBUG   HandlerThread:3681 [system_monitor.py:probe():177] {'os': 'macOS-12.6.1-arm64-arm-64bit', 'python': '3.9.15', 'heartbeatAt': '2023-01-10T23:48:40.500213', 'startedAt': '2023-01-10T23:48:38.841512', 'docker': None, 'cuda': None, 'args': None, 'state': 'running', 'program': 'segmentation/tmp-jvsc-8d4be23f-9f07-4d4a-9f88-efa9c29d7eb1f0774449-81c1-4f89-8f90-1bb764c720d8.ipynb', 'root': '/Users/imlim/Aiffel', 'host': 'imLims-MacBookPro.local', 'username': 'imlim', 'executable': '/opt/homebrew/Caskroom/miniconda/base/envs/Torch/bin/python', 'cpu_count': 8, 'cpu_count_logical': 8, 'disk': {'total': 228.27386474609375, 'used': 86.85204315185547}, 'gpuapple': {'type': 'arm', 'vendor': 'Apple'}, 'memory': {'total': 16.0}}
2023-01-11 08:48:40,505 INFO    HandlerThread:3681 [system_monitor.py:probe():178] Finished collecting system info
2023-01-11 08:48:40,505 INFO    HandlerThread:3681 [system_monitor.py:probe():181] Publishing system info
2023-01-11 08:48:40,505 DEBUG   HandlerThread:3681 [system_info.py:_save_pip():51] Saving list of pip packages installed into the current environment
2023-01-11 08:48:40,506 DEBUG   HandlerThread:3681 [system_info.py:_save_pip():67] Saving pip packages done
2023-01-11 08:48:40,506 DEBUG   HandlerThread:3681 [system_info.py:_save_conda():74] Saving list of conda packages installed into the current environment
2023-01-11 08:48:41,007 DEBUG   HandlerThread:3681 [system_info.py:_save_conda():86] Saving conda packages done
2023-01-11 08:48:41,008 INFO    HandlerThread:3681 [system_monitor.py:probe():183] Finished publishing system info
2023-01-11 08:48:41,010 DEBUG   SenderThread:3681 [sender.py:send():303] send: files
2023-01-11 08:48:41,010 INFO    SenderThread:3681 [sender.py:_save_file():1171] saving file wandb-metadata.json with policy now
2023-01-11 08:48:41,016 DEBUG   HandlerThread:3681 [handler.py:handle_request():139] handle_request: stop_status
2023-01-11 08:48:41,016 DEBUG   SenderThread:3681 [sender.py:send_request():317] send_request: stop_status
2023-01-11 08:48:41,018 DEBUG   HandlerThread:3681 [handler.py:handle_request():139] handle_request: pause
2023-01-11 08:48:41,018 INFO    HandlerThread:3681 [handler.py:handle_request_pause():696] stopping system metrics thread or process
2023-01-11 08:48:41,019 INFO    HandlerThread:3681 [system_monitor.py:finish():160] Stopping system monitor
2023-01-11 08:48:41,041 DEBUG   SystemMonitor:3681 [system_monitor.py:_start():130] Starting system metrics aggregation loop
2023-01-11 08:48:41,042 DEBUG   SystemMonitor:3681 [system_monitor.py:_start():137] Finished system metrics aggregation loop
2023-01-11 08:48:41,042 DEBUG   SystemMonitor:3681 [system_monitor.py:_start():141] Publishing last batch of metrics
2023-01-11 08:48:41,043 INFO    HandlerThread:3681 [interfaces.py:finish():173] Joined cpu
2023-01-11 08:48:41,043 INFO    HandlerThread:3681 [interfaces.py:finish():173] Joined disk
2023-01-11 08:48:41,044 INFO    HandlerThread:3681 [interfaces.py:finish():173] Joined gpuapple
2023-01-11 08:48:41,044 INFO    HandlerThread:3681 [interfaces.py:finish():173] Joined memory
2023-01-11 08:48:41,044 INFO    HandlerThread:3681 [interfaces.py:finish():173] Joined network
2023-01-11 08:48:41,050 DEBUG   HandlerThread:3681 [handler.py:handle_request():139] handle_request: resume
2023-01-11 08:48:41,050 INFO    HandlerThread:3681 [handler.py:handle_request_resume():687] starting system metrics thread or process
2023-01-11 08:48:41,051 DEBUG   HandlerThread:3681 [handler.py:handle_request():139] handle_request: pause
2023-01-11 08:48:41,051 INFO    HandlerThread:3681 [handler.py:handle_request_pause():696] stopping system metrics thread or process
2023-01-11 08:48:41,074 DEBUG   HandlerThread:3681 [handler.py:handle_request():139] handle_request: resume
2023-01-11 08:48:41,074 INFO    HandlerThread:3681 [handler.py:handle_request_resume():687] starting system metrics thread or process
2023-01-11 08:48:41,076 DEBUG   HandlerThread:3681 [handler.py:handle_request():139] handle_request: pause
2023-01-11 08:48:41,077 INFO    HandlerThread:3681 [handler.py:handle_request_pause():696] stopping system metrics thread or process
2023-01-11 08:48:41,124 DEBUG   HandlerThread:3681 [handler.py:handle_request():139] handle_request: resume
2023-01-11 08:48:41,124 INFO    HandlerThread:3681 [handler.py:handle_request_resume():687] starting system metrics thread or process
2023-01-11 08:48:41,361 DEBUG   SenderThread:3681 [sender.py:send():303] send: telemetry
2023-01-11 08:48:41,361 DEBUG   SenderThread:3681 [sender.py:send():303] send: telemetry
2023-01-11 08:48:41,362 DEBUG   SenderThread:3681 [sender.py:send():303] send: stats
2023-01-11 08:48:41,383 INFO    Thread-13 :3681 [dir_watcher.py:_on_file_created():275] file/dir created: /Users/imlim/Aiffel/segmentation/wandb/run-20230111_084838-1qnsd6zo/files/wandb-metadata.json
2023-01-11 08:48:41,383 INFO    Thread-13 :3681 [dir_watcher.py:_on_file_created():275] file/dir created: /Users/imlim/Aiffel/segmentation/wandb/run-20230111_084838-1qnsd6zo/files/output.log
2023-01-11 08:48:41,383 INFO    Thread-13 :3681 [dir_watcher.py:_on_file_created():275] file/dir created: /Users/imlim/Aiffel/segmentation/wandb/run-20230111_084838-1qnsd6zo/files/requirements.txt
2023-01-11 08:48:41,383 INFO    Thread-13 :3681 [dir_watcher.py:_on_file_created():275] file/dir created: /Users/imlim/Aiffel/segmentation/wandb/run-20230111_084838-1qnsd6zo/files/conda-environment.yaml
2023-01-11 08:48:41,683 INFO    Thread-16 :3681 [upload_job.py:push():143] Uploaded file /var/folders/n7/_ggctndx37x4dg7tddzm4d9m0000gn/T/tmpngjzalgswandb/2ydjo2k0-wandb-metadata.json
2023-01-11 08:48:43,391 INFO    Thread-13 :3681 [dir_watcher.py:_on_file_modified():292] file/dir modified: /Users/imlim/Aiffel/segmentation/wandb/run-20230111_084838-1qnsd6zo/files/output.log
2023-01-11 08:48:56,366 DEBUG   HandlerThread:3681 [handler.py:handle_request():139] handle_request: stop_status
2023-01-11 08:48:56,366 DEBUG   SenderThread:3681 [sender.py:send_request():317] send_request: stop_status
2023-01-11 08:49:10,490 INFO    Thread-13 :3681 [dir_watcher.py:_on_file_modified():292] file/dir modified: /Users/imlim/Aiffel/segmentation/wandb/run-20230111_084838-1qnsd6zo/files/config.yaml
2023-01-11 08:49:11,619 DEBUG   HandlerThread:3681 [handler.py:handle_request():139] handle_request: stop_status
2023-01-11 08:49:11,619 DEBUG   SenderThread:3681 [sender.py:send_request():317] send_request: stop_status
2023-01-11 08:49:26,870 DEBUG   HandlerThread:3681 [handler.py:handle_request():139] handle_request: stop_status
2023-01-11 08:49:26,871 DEBUG   SenderThread:3681 [sender.py:send_request():317] send_request: stop_status
2023-01-11 08:49:42,135 DEBUG   HandlerThread:3681 [handler.py:handle_request():139] handle_request: stop_status
2023-01-11 08:49:42,136 DEBUG   SenderThread:3681 [sender.py:send_request():317] send_request: stop_status
2023-01-11 08:49:57,563 DEBUG   HandlerThread:3681 [handler.py:handle_request():139] handle_request: stop_status
2023-01-11 08:49:57,563 DEBUG   SenderThread:3681 [sender.py:send_request():317] send_request: stop_status
2023-01-11 08:50:12,783 DEBUG   HandlerThread:3681 [handler.py:handle_request():139] handle_request: stop_status
2023-01-11 08:50:12,784 DEBUG   SenderThread:3681 [sender.py:send_request():317] send_request: stop_status
2023-01-11 08:50:28,010 DEBUG   HandlerThread:3681 [handler.py:handle_request():139] handle_request: stop_status
2023-01-11 08:50:28,011 DEBUG   SenderThread:3681 [sender.py:send_request():317] send_request: stop_status
2023-01-11 08:50:43,233 DEBUG   HandlerThread:3681 [handler.py:handle_request():139] handle_request: stop_status
2023-01-11 08:50:43,233 DEBUG   SenderThread:3681 [sender.py:send_request():317] send_request: stop_status
2023-01-11 08:50:58,464 DEBUG   HandlerThread:3681 [handler.py:handle_request():139] handle_request: stop_status
2023-01-11 08:50:58,464 DEBUG   SenderThread:3681 [sender.py:send_request():317] send_request: stop_status
2023-01-11 08:51:13,684 DEBUG   HandlerThread:3681 [handler.py:handle_request():139] handle_request: stop_status
2023-01-11 08:51:13,684 DEBUG   SenderThread:3681 [sender.py:send_request():317] send_request: stop_status
2023-01-11 08:51:28,898 DEBUG   HandlerThread:3681 [handler.py:handle_request():139] handle_request: stop_status
2023-01-11 08:51:28,898 DEBUG   SenderThread:3681 [sender.py:send_request():317] send_request: stop_status
2023-01-11 08:51:44,116 DEBUG   HandlerThread:3681 [handler.py:handle_request():139] handle_request: stop_status
2023-01-11 08:51:44,116 DEBUG   SenderThread:3681 [sender.py:send_request():317] send_request: stop_status
2023-01-11 08:51:59,369 DEBUG   HandlerThread:3681 [handler.py:handle_request():139] handle_request: stop_status
2023-01-11 08:51:59,370 DEBUG   SenderThread:3681 [sender.py:send_request():317] send_request: stop_status
2023-01-11 08:52:14,597 DEBUG   HandlerThread:3681 [handler.py:handle_request():139] handle_request: stop_status
2023-01-11 08:52:14,598 DEBUG   SenderThread:3681 [sender.py:send_request():317] send_request: stop_status
2023-01-11 08:52:29,810 DEBUG   HandlerThread:3681 [handler.py:handle_request():139] handle_request: stop_status
2023-01-11 08:52:29,810 DEBUG   SenderThread:3681 [sender.py:send_request():317] send_request: stop_status
2023-01-11 08:52:45,033 DEBUG   HandlerThread:3681 [handler.py:handle_request():139] handle_request: stop_status
2023-01-11 08:52:45,033 DEBUG   SenderThread:3681 [sender.py:send_request():317] send_request: stop_status
2023-01-11 08:53:00,255 DEBUG   HandlerThread:3681 [handler.py:handle_request():139] handle_request: stop_status
2023-01-11 08:53:00,255 DEBUG   SenderThread:3681 [sender.py:send_request():317] send_request: stop_status
2023-01-11 08:53:15,472 DEBUG   HandlerThread:3681 [handler.py:handle_request():139] handle_request: stop_status
2023-01-11 08:53:15,473 DEBUG   SenderThread:3681 [sender.py:send_request():317] send_request: stop_status
2023-01-11 08:53:30,700 DEBUG   HandlerThread:3681 [handler.py:handle_request():139] handle_request: stop_status
2023-01-11 08:53:30,701 DEBUG   SenderThread:3681 [sender.py:send_request():317] send_request: stop_status
2023-01-11 08:53:45,919 DEBUG   HandlerThread:3681 [handler.py:handle_request():139] handle_request: stop_status
2023-01-11 08:53:45,919 DEBUG   SenderThread:3681 [sender.py:send_request():317] send_request: stop_status
2023-01-11 08:54:01,149 DEBUG   HandlerThread:3681 [handler.py:handle_request():139] handle_request: stop_status
2023-01-11 08:54:01,149 DEBUG   SenderThread:3681 [sender.py:send_request():317] send_request: stop_status
2023-01-11 08:54:16,364 DEBUG   HandlerThread:3681 [handler.py:handle_request():139] handle_request: stop_status
2023-01-11 08:54:16,365 DEBUG   SenderThread:3681 [sender.py:send_request():317] send_request: stop_status
2023-01-11 08:54:31,590 DEBUG   HandlerThread:3681 [handler.py:handle_request():139] handle_request: stop_status
2023-01-11 08:54:31,591 DEBUG   SenderThread:3681 [sender.py:send_request():317] send_request: stop_status
2023-01-11 08:54:46,818 DEBUG   HandlerThread:3681 [handler.py:handle_request():139] handle_request: stop_status
2023-01-11 08:54:46,818 DEBUG   SenderThread:3681 [sender.py:send_request():317] send_request: stop_status
2023-01-11 08:55:02,037 DEBUG   HandlerThread:3681 [handler.py:handle_request():139] handle_request: stop_status
2023-01-11 08:55:02,037 DEBUG   SenderThread:3681 [sender.py:send_request():317] send_request: stop_status
2023-01-11 08:55:18,802 DEBUG   HandlerThread:3681 [handler.py:handle_request():139] handle_request: stop_status
2023-01-11 08:55:18,802 DEBUG   SenderThread:3681 [sender.py:send_request():317] send_request: stop_status
2023-01-11 08:55:34,047 DEBUG   HandlerThread:3681 [handler.py:handle_request():139] handle_request: stop_status
2023-01-11 08:55:34,048 DEBUG   SenderThread:3681 [sender.py:send_request():317] send_request: stop_status
2023-01-11 08:55:49,267 DEBUG   HandlerThread:3681 [handler.py:handle_request():139] handle_request: stop_status
2023-01-11 08:55:49,268 DEBUG   SenderThread:3681 [sender.py:send_request():317] send_request: stop_status
2023-01-11 08:56:04,518 DEBUG   HandlerThread:3681 [handler.py:handle_request():139] handle_request: stop_status
2023-01-11 08:56:04,518 DEBUG   SenderThread:3681 [sender.py:send_request():317] send_request: stop_status
2023-01-11 08:56:19,737 DEBUG   HandlerThread:3681 [handler.py:handle_request():139] handle_request: stop_status
2023-01-11 08:56:19,737 DEBUG   SenderThread:3681 [sender.py:send_request():317] send_request: stop_status
2023-01-11 08:56:34,955 DEBUG   HandlerThread:3681 [handler.py:handle_request():139] handle_request: stop_status
2023-01-11 08:56:34,956 DEBUG   SenderThread:3681 [sender.py:send_request():317] send_request: stop_status
2023-01-11 08:56:50,180 DEBUG   HandlerThread:3681 [handler.py:handle_request():139] handle_request: stop_status
2023-01-11 08:56:50,180 DEBUG   SenderThread:3681 [sender.py:send_request():317] send_request: stop_status
2023-01-11 08:57:05,398 DEBUG   HandlerThread:3681 [handler.py:handle_request():139] handle_request: stop_status
2023-01-11 08:57:05,398 DEBUG   SenderThread:3681 [sender.py:send_request():317] send_request: stop_status
2023-01-11 08:57:20,651 DEBUG   HandlerThread:3681 [handler.py:handle_request():139] handle_request: stop_status
2023-01-11 08:57:20,651 DEBUG   SenderThread:3681 [sender.py:send_request():317] send_request: stop_status
2023-01-11 08:57:36,017 DEBUG   HandlerThread:3681 [handler.py:handle_request():139] handle_request: stop_status
2023-01-11 08:57:36,018 DEBUG   SenderThread:3681 [sender.py:send_request():317] send_request: stop_status
2023-01-11 08:57:51,269 DEBUG   HandlerThread:3681 [handler.py:handle_request():139] handle_request: stop_status
2023-01-11 08:57:51,269 DEBUG   SenderThread:3681 [sender.py:send_request():317] send_request: stop_status
2023-01-11 08:58:06,485 DEBUG   HandlerThread:3681 [handler.py:handle_request():139] handle_request: stop_status
2023-01-11 08:58:06,485 DEBUG   SenderThread:3681 [sender.py:send_request():317] send_request: stop_status
2023-01-11 08:58:21,700 DEBUG   HandlerThread:3681 [handler.py:handle_request():139] handle_request: stop_status
2023-01-11 08:58:21,700 DEBUG   SenderThread:3681 [sender.py:send_request():317] send_request: stop_status
2023-01-11 08:58:36,913 DEBUG   HandlerThread:3681 [handler.py:handle_request():139] handle_request: stop_status
2023-01-11 08:58:36,914 DEBUG   SenderThread:3681 [sender.py:send_request():317] send_request: stop_status
2023-01-11 08:58:38,011 DEBUG   HandlerThread:3681 [handler.py:handle_request():139] handle_request: pause
2023-01-11 08:58:38,011 INFO    HandlerThread:3681 [handler.py:handle_request_pause():696] stopping system metrics thread or process
2023-01-11 08:58:39,168 INFO    Thread-13 :3681 [dir_watcher.py:_on_file_modified():292] file/dir modified: /Users/imlim/Aiffel/segmentation/wandb/run-20230111_084838-1qnsd6zo/files/output.log
2023-01-11 08:58:52,137 DEBUG   HandlerThread:3681 [handler.py:handle_request():139] handle_request: stop_status
2023-01-11 08:58:52,137 DEBUG   SenderThread:3681 [sender.py:send_request():317] send_request: stop_status
2023-01-11 08:59:07,386 DEBUG   HandlerThread:3681 [handler.py:handle_request():139] handle_request: stop_status
2023-01-11 08:59:07,387 DEBUG   SenderThread:3681 [sender.py:send_request():317] send_request: stop_status
2023-01-11 08:59:22,644 DEBUG   HandlerThread:3681 [handler.py:handle_request():139] handle_request: stop_status
2023-01-11 08:59:22,645 DEBUG   SenderThread:3681 [sender.py:send_request():317] send_request: stop_status
2023-01-11 08:59:37,885 DEBUG   HandlerThread:3681 [handler.py:handle_request():139] handle_request: stop_status
2023-01-11 08:59:37,886 DEBUG   SenderThread:3681 [sender.py:send_request():317] send_request: stop_status
2023-01-11 08:59:53,132 DEBUG   HandlerThread:3681 [handler.py:handle_request():139] handle_request: stop_status
2023-01-11 08:59:53,132 DEBUG   SenderThread:3681 [sender.py:send_request():317] send_request: stop_status
2023-01-11 09:00:08,382 DEBUG   HandlerThread:3681 [handler.py:handle_request():139] handle_request: stop_status
2023-01-11 09:00:08,383 DEBUG   SenderThread:3681 [sender.py:send_request():317] send_request: stop_status
2023-01-11 09:00:23,612 DEBUG   HandlerThread:3681 [handler.py:handle_request():139] handle_request: stop_status
2023-01-11 09:00:23,613 DEBUG   SenderThread:3681 [sender.py:send_request():317] send_request: stop_status
2023-01-11 09:00:38,841 DEBUG   HandlerThread:3681 [handler.py:handle_request():139] handle_request: stop_status
2023-01-11 09:00:38,842 DEBUG   SenderThread:3681 [sender.py:send_request():317] send_request: stop_status
2023-01-11 09:00:54,069 DEBUG   HandlerThread:3681 [handler.py:handle_request():139] handle_request: stop_status
2023-01-11 09:00:54,069 DEBUG   SenderThread:3681 [sender.py:send_request():317] send_request: stop_status
2023-01-11 09:01:09,308 DEBUG   HandlerThread:3681 [handler.py:handle_request():139] handle_request: stop_status
2023-01-11 09:01:09,309 DEBUG   SenderThread:3681 [sender.py:send_request():317] send_request: stop_status
2023-01-11 09:01:24,539 DEBUG   HandlerThread:3681 [handler.py:handle_request():139] handle_request: stop_status
2023-01-11 09:01:24,540 DEBUG   SenderThread:3681 [sender.py:send_request():317] send_request: stop_status
2023-01-11 09:01:39,771 DEBUG   HandlerThread:3681 [handler.py:handle_request():139] handle_request: stop_status
2023-01-11 09:01:39,772 DEBUG   SenderThread:3681 [sender.py:send_request():317] send_request: stop_status
2023-01-11 09:01:55,011 DEBUG   HandlerThread:3681 [handler.py:handle_request():139] handle_request: stop_status
2023-01-11 09:01:55,011 DEBUG   SenderThread:3681 [sender.py:send_request():317] send_request: stop_status
2023-01-11 09:02:10,241 DEBUG   HandlerThread:3681 [handler.py:handle_request():139] handle_request: stop_status
2023-01-11 09:02:10,241 DEBUG   SenderThread:3681 [sender.py:send_request():317] send_request: stop_status
2023-01-11 09:02:25,510 DEBUG   HandlerThread:3681 [handler.py:handle_request():139] handle_request: stop_status
2023-01-11 09:02:25,511 DEBUG   SenderThread:3681 [sender.py:send_request():317] send_request: stop_status
2023-01-11 09:02:40,762 DEBUG   HandlerThread:3681 [handler.py:handle_request():139] handle_request: stop_status
2023-01-11 09:02:40,763 DEBUG   SenderThread:3681 [sender.py:send_request():317] send_request: stop_status
2023-01-11 09:02:55,998 DEBUG   HandlerThread:3681 [handler.py:handle_request():139] handle_request: stop_status
2023-01-11 09:02:55,999 DEBUG   SenderThread:3681 [sender.py:send_request():317] send_request: stop_status
2023-01-11 09:03:11,258 DEBUG   HandlerThread:3681 [handler.py:handle_request():139] handle_request: stop_status
2023-01-11 09:03:11,258 DEBUG   SenderThread:3681 [sender.py:send_request():317] send_request: stop_status
2023-01-11 09:03:26,508 DEBUG   HandlerThread:3681 [handler.py:handle_request():139] handle_request: stop_status
2023-01-11 09:03:26,508 DEBUG   SenderThread:3681 [sender.py:send_request():317] send_request: stop_status
2023-01-11 09:03:41,760 DEBUG   HandlerThread:3681 [handler.py:handle_request():139] handle_request: stop_status
2023-01-11 09:03:41,761 DEBUG   SenderThread:3681 [sender.py:send_request():317] send_request: stop_status
2023-01-11 09:03:57,062 DEBUG   HandlerThread:3681 [handler.py:handle_request():139] handle_request: stop_status
2023-01-11 09:03:57,062 DEBUG   SenderThread:3681 [sender.py:send_request():317] send_request: stop_status
2023-01-11 09:04:12,298 DEBUG   HandlerThread:3681 [handler.py:handle_request():139] handle_request: stop_status
2023-01-11 09:04:12,299 DEBUG   SenderThread:3681 [sender.py:send_request():317] send_request: stop_status
2023-01-11 09:04:27,582 DEBUG   HandlerThread:3681 [handler.py:handle_request():139] handle_request: stop_status
2023-01-11 09:04:27,583 DEBUG   SenderThread:3681 [sender.py:send_request():317] send_request: stop_status
2023-01-11 09:04:42,818 DEBUG   HandlerThread:3681 [handler.py:handle_request():139] handle_request: stop_status
2023-01-11 09:04:42,818 DEBUG   SenderThread:3681 [sender.py:send_request():317] send_request: stop_status
2023-01-11 09:04:58,067 DEBUG   HandlerThread:3681 [handler.py:handle_request():139] handle_request: stop_status
2023-01-11 09:04:58,067 DEBUG   SenderThread:3681 [sender.py:send_request():317] send_request: stop_status
2023-01-11 09:05:13,316 DEBUG   HandlerThread:3681 [handler.py:handle_request():139] handle_request: stop_status
2023-01-11 09:05:13,317 DEBUG   SenderThread:3681 [sender.py:send_request():317] send_request: stop_status
2023-01-11 09:05:28,567 DEBUG   HandlerThread:3681 [handler.py:handle_request():139] handle_request: stop_status
2023-01-11 09:05:28,568 DEBUG   SenderThread:3681 [sender.py:send_request():317] send_request: stop_status
2023-01-11 09:05:43,821 DEBUG   HandlerThread:3681 [handler.py:handle_request():139] handle_request: stop_status
2023-01-11 09:05:43,821 DEBUG   SenderThread:3681 [sender.py:send_request():317] send_request: stop_status
2023-01-11 09:05:59,051 DEBUG   HandlerThread:3681 [handler.py:handle_request():139] handle_request: stop_status
2023-01-11 09:05:59,052 DEBUG   SenderThread:3681 [sender.py:send_request():317] send_request: stop_status
2023-01-11 09:06:14,285 DEBUG   HandlerThread:3681 [handler.py:handle_request():139] handle_request: stop_status
2023-01-11 09:06:14,286 DEBUG   SenderThread:3681 [sender.py:send_request():317] send_request: stop_status
2023-01-11 09:06:29,520 DEBUG   HandlerThread:3681 [handler.py:handle_request():139] handle_request: stop_status
2023-01-11 09:06:29,521 DEBUG   SenderThread:3681 [sender.py:send_request():317] send_request: stop_status
2023-01-11 09:06:44,759 DEBUG   HandlerThread:3681 [handler.py:handle_request():139] handle_request: stop_status
2023-01-11 09:06:44,760 DEBUG   SenderThread:3681 [sender.py:send_request():317] send_request: stop_status
2023-01-11 09:07:00,000 DEBUG   HandlerThread:3681 [handler.py:handle_request():139] handle_request: stop_status
2023-01-11 09:07:00,001 DEBUG   SenderThread:3681 [sender.py:send_request():317] send_request: stop_status
2023-01-11 09:07:15,295 DEBUG   HandlerThread:3681 [handler.py:handle_request():139] handle_request: stop_status
2023-01-11 09:07:15,296 DEBUG   SenderThread:3681 [sender.py:send_request():317] send_request: stop_status
2023-01-11 09:07:30,560 DEBUG   HandlerThread:3681 [handler.py:handle_request():139] handle_request: stop_status
2023-01-11 09:07:30,561 DEBUG   SenderThread:3681 [sender.py:send_request():317] send_request: stop_status
2023-01-11 09:07:45,809 DEBUG   HandlerThread:3681 [handler.py:handle_request():139] handle_request: stop_status
2023-01-11 09:07:45,809 DEBUG   SenderThread:3681 [sender.py:send_request():317] send_request: stop_status
2023-01-11 09:08:01,038 DEBUG   HandlerThread:3681 [handler.py:handle_request():139] handle_request: stop_status
2023-01-11 09:08:01,038 DEBUG   SenderThread:3681 [sender.py:send_request():317] send_request: stop_status
2023-01-11 09:08:17,461 DEBUG   HandlerThread:3681 [handler.py:handle_request():139] handle_request: stop_status
2023-01-11 09:08:17,462 DEBUG   SenderThread:3681 [sender.py:send_request():317] send_request: stop_status
2023-01-11 09:08:32,699 DEBUG   HandlerThread:3681 [handler.py:handle_request():139] handle_request: stop_status
2023-01-11 09:08:32,700 DEBUG   SenderThread:3681 [sender.py:send_request():317] send_request: stop_status
2023-01-11 09:08:48,875 DEBUG   HandlerThread:3681 [handler.py:handle_request():139] handle_request: stop_status
2023-01-11 09:08:48,876 DEBUG   SenderThread:3681 [sender.py:send_request():317] send_request: stop_status
2023-01-11 09:09:04,126 DEBUG   HandlerThread:3681 [handler.py:handle_request():139] handle_request: stop_status
2023-01-11 09:09:04,127 DEBUG   SenderThread:3681 [sender.py:send_request():317] send_request: stop_status
2023-01-11 09:09:19,370 DEBUG   HandlerThread:3681 [handler.py:handle_request():139] handle_request: stop_status
2023-01-11 09:09:19,370 DEBUG   SenderThread:3681 [sender.py:send_request():317] send_request: stop_status
2023-01-11 09:09:34,620 DEBUG   HandlerThread:3681 [handler.py:handle_request():139] handle_request: stop_status
2023-01-11 09:09:34,621 DEBUG   SenderThread:3681 [sender.py:send_request():317] send_request: stop_status
2023-01-11 09:09:49,870 DEBUG   HandlerThread:3681 [handler.py:handle_request():139] handle_request: stop_status
2023-01-11 09:09:49,870 DEBUG   SenderThread:3681 [sender.py:send_request():317] send_request: stop_status
2023-01-11 09:10:05,676 DEBUG   HandlerThread:3681 [handler.py:handle_request():139] handle_request: stop_status
2023-01-11 09:10:05,677 DEBUG   SenderThread:3681 [sender.py:send_request():317] send_request: stop_status
2023-01-11 09:10:17,012 ERROR   SenderThread:3681 [retry.py:__call__():154] Retry attempt failed:
Traceback (most recent call last):
  File "/opt/homebrew/Caskroom/miniconda/base/envs/Torch/lib/python3.9/site-packages/urllib3/connection.py", line 174, in _new_conn
    conn = connection.create_connection(
  File "/opt/homebrew/Caskroom/miniconda/base/envs/Torch/lib/python3.9/site-packages/urllib3/util/connection.py", line 72, in create_connection
    for res in socket.getaddrinfo(host, port, family, socket.SOCK_STREAM):
  File "/opt/homebrew/Caskroom/miniconda/base/envs/Torch/lib/python3.9/socket.py", line 954, in getaddrinfo
    for res in _socket.getaddrinfo(host, port, family, type, proto, flags):
socket.gaierror: [Errno 8] nodename nor servname provided, or not known

During handling of the above exception, another exception occurred:

Traceback (most recent call last):
  File "/opt/homebrew/Caskroom/miniconda/base/envs/Torch/lib/python3.9/site-packages/urllib3/connectionpool.py", line 703, in urlopen
    httplib_response = self._make_request(
  File "/opt/homebrew/Caskroom/miniconda/base/envs/Torch/lib/python3.9/site-packages/urllib3/connectionpool.py", line 386, in _make_request
    self._validate_conn(conn)
  File "/opt/homebrew/Caskroom/miniconda/base/envs/Torch/lib/python3.9/site-packages/urllib3/connectionpool.py", line 1042, in _validate_conn
    conn.connect()
  File "/opt/homebrew/Caskroom/miniconda/base/envs/Torch/lib/python3.9/site-packages/urllib3/connection.py", line 358, in connect
    self.sock = conn = self._new_conn()
  File "/opt/homebrew/Caskroom/miniconda/base/envs/Torch/lib/python3.9/site-packages/urllib3/connection.py", line 186, in _new_conn
    raise NewConnectionError(
urllib3.exceptions.NewConnectionError: <urllib3.connection.HTTPSConnection object at 0x11eb37ee0>: Failed to establish a new connection: [Errno 8] nodename nor servname provided, or not known

During handling of the above exception, another exception occurred:

Traceback (most recent call last):
  File "/opt/homebrew/Caskroom/miniconda/base/envs/Torch/lib/python3.9/site-packages/requests/adapters.py", line 489, in send
    resp = conn.urlopen(
  File "/opt/homebrew/Caskroom/miniconda/base/envs/Torch/lib/python3.9/site-packages/urllib3/connectionpool.py", line 787, in urlopen
    retries = retries.increment(
  File "/opt/homebrew/Caskroom/miniconda/base/envs/Torch/lib/python3.9/site-packages/urllib3/util/retry.py", line 592, in increment
    raise MaxRetryError(_pool, url, error or ResponseError(cause))
urllib3.exceptions.MaxRetryError: HTTPSConnectionPool(host='api.wandb.ai', port=443): Max retries exceeded with url: /graphql (Caused by NewConnectionError('<urllib3.connection.HTTPSConnection object at 0x11eb37ee0>: Failed to establish a new connection: [Errno 8] nodename nor servname provided, or not known'))

During handling of the above exception, another exception occurred:

Traceback (most recent call last):
  File "/opt/homebrew/Caskroom/miniconda/base/envs/Torch/lib/python3.9/site-packages/wandb/sdk/lib/retry.py", line 113, in __call__
    result = self._call_fn(*args, **kwargs)
  File "/opt/homebrew/Caskroom/miniconda/base/envs/Torch/lib/python3.9/site-packages/wandb/sdk/internal/internal_api.py", line 210, in execute
    return self.client.execute(*args, **kwargs)  # type: ignore
  File "/opt/homebrew/Caskroom/miniconda/base/envs/Torch/lib/python3.9/site-packages/wandb/vendor/gql-0.2.0/wandb_gql/client.py", line 52, in execute
    result = self._get_result(document, *args, **kwargs)
  File "/opt/homebrew/Caskroom/miniconda/base/envs/Torch/lib/python3.9/site-packages/wandb/vendor/gql-0.2.0/wandb_gql/client.py", line 60, in _get_result
    return self.transport.execute(document, *args, **kwargs)
  File "/opt/homebrew/Caskroom/miniconda/base/envs/Torch/lib/python3.9/site-packages/wandb/vendor/gql-0.2.0/wandb_gql/transport/requests.py", line 38, in execute
    request = requests.post(self.url, **post_args)
  File "/opt/homebrew/Caskroom/miniconda/base/envs/Torch/lib/python3.9/site-packages/requests/api.py", line 115, in post
    return request("post", url, data=data, json=json, **kwargs)
  File "/opt/homebrew/Caskroom/miniconda/base/envs/Torch/lib/python3.9/site-packages/requests/api.py", line 59, in request
    return session.request(method=method, url=url, **kwargs)
  File "/opt/homebrew/Caskroom/miniconda/base/envs/Torch/lib/python3.9/site-packages/requests/sessions.py", line 587, in request
    resp = self.send(prep, **send_kwargs)
  File "/opt/homebrew/Caskroom/miniconda/base/envs/Torch/lib/python3.9/site-packages/requests/sessions.py", line 701, in send
    r = adapter.send(request, **kwargs)
  File "/opt/homebrew/Caskroom/miniconda/base/envs/Torch/lib/python3.9/site-packages/requests/adapters.py", line 565, in send
    raise ConnectionError(e, request=request)
requests.exceptions.ConnectionError: HTTPSConnectionPool(host='api.wandb.ai', port=443): Max retries exceeded with url: /graphql (Caused by NewConnectionError('<urllib3.connection.HTTPSConnection object at 0x11eb37ee0>: Failed to establish a new connection: [Errno 8] nodename nor servname provided, or not known'))
2023-01-11 09:10:25,683 DEBUG   HandlerThread:3681 [handler.py:handle_request():139] handle_request: stop_status
2023-01-11 09:10:31,864 WARNING FileStreamThread:3681 [file_stream.py:request_with_retry():667] requests_with_retry encountered retryable exception: HTTPSConnectionPool(host='api.wandb.ai', port=443): Read timed out. (read timeout=None). func: <bound method Session.post of <requests.sessions.Session object at 0x11e9fe100>>, args: ('https://api.wandb.ai/files/imlim/Segmentation/1qnsd6zo/file_stream',), kwargs: {'json': {'complete': False, 'failed': False, 'dropped': 0, 'uploaded': []}}
2023-01-11 09:10:33,970 WARNING FileStreamThread:3681 [file_stream.py:request_with_retry():667] requests_with_retry encountered retryable exception: HTTPSConnectionPool(host='api.wandb.ai', port=443): Max retries exceeded with url: /files/imlim/Segmentation/1qnsd6zo/file_stream (Caused by NewConnectionError('<urllib3.connection.HTTPSConnection object at 0x11eab21c0>: Failed to establish a new connection: [Errno 8] nodename nor servname provided, or not known')). func: <bound method Session.post of <requests.sessions.Session object at 0x11e9fe100>>, args: ('https://api.wandb.ai/files/imlim/Segmentation/1qnsd6zo/file_stream',), kwargs: {'json': {'complete': False, 'failed': False, 'dropped': 0, 'uploaded': []}}
2023-01-11 09:10:38,432 WARNING FileStreamThread:3681 [file_stream.py:request_with_retry():667] requests_with_retry encountered retryable exception: HTTPSConnectionPool(host='api.wandb.ai', port=443): Max retries exceeded with url: /files/imlim/Segmentation/1qnsd6zo/file_stream (Caused by NewConnectionError('<urllib3.connection.HTTPSConnection object at 0x11eab2970>: Failed to establish a new connection: [Errno 8] nodename nor servname provided, or not known')). func: <bound method Session.post of <requests.sessions.Session object at 0x11e9fe100>>, args: ('https://api.wandb.ai/files/imlim/Segmentation/1qnsd6zo/file_stream',), kwargs: {'json': {'complete': False, 'failed': False, 'dropped': 0, 'uploaded': []}}
2023-01-11 09:10:45,686 DEBUG   HandlerThread:3681 [handler.py:handle_request():139] handle_request: stop_status
2023-01-11 09:10:47,612 WARNING FileStreamThread:3681 [file_stream.py:request_with_retry():667] requests_with_retry encountered retryable exception: HTTPSConnectionPool(host='api.wandb.ai', port=443): Max retries exceeded with url: /files/imlim/Segmentation/1qnsd6zo/file_stream (Caused by NewConnectionError('<urllib3.connection.HTTPSConnection object at 0x11eab2940>: Failed to establish a new connection: [Errno 8] nodename nor servname provided, or not known')). func: <bound method Session.post of <requests.sessions.Session object at 0x11e9fe100>>, args: ('https://api.wandb.ai/files/imlim/Segmentation/1qnsd6zo/file_stream',), kwargs: {'json': {'complete': False, 'failed': False, 'dropped': 0, 'uploaded': []}}
2023-01-11 09:11:05,379 WARNING FileStreamThread:3681 [file_stream.py:request_with_retry():667] requests_with_retry encountered retryable exception: HTTPSConnectionPool(host='api.wandb.ai', port=443): Max retries exceeded with url: /files/imlim/Segmentation/1qnsd6zo/file_stream (Caused by NewConnectionError('<urllib3.connection.HTTPSConnection object at 0x11eab2880>: Failed to establish a new connection: [Errno 8] nodename nor servname provided, or not known')). func: <bound method Session.post of <requests.sessions.Session object at 0x11e9fe100>>, args: ('https://api.wandb.ai/files/imlim/Segmentation/1qnsd6zo/file_stream',), kwargs: {'json': {'complete': False, 'failed': False, 'dropped': 0, 'uploaded': []}}
2023-01-11 09:11:05,697 DEBUG   HandlerThread:3681 [handler.py:handle_request():139] handle_request: stop_status
2023-01-11 09:11:25,707 DEBUG   HandlerThread:3681 [handler.py:handle_request():139] handle_request: stop_status
2023-01-11 09:11:42,737 WARNING FileStreamThread:3681 [file_stream.py:request_with_retry():667] requests_with_retry encountered retryable exception: HTTPSConnectionPool(host='api.wandb.ai', port=443): Max retries exceeded with url: /files/imlim/Segmentation/1qnsd6zo/file_stream (Caused by NewConnectionError('<urllib3.connection.HTTPSConnection object at 0x11eab2040>: Failed to establish a new connection: [Errno 8] nodename nor servname provided, or not known')). func: <bound method Session.post of <requests.sessions.Session object at 0x11e9fe100>>, args: ('https://api.wandb.ai/files/imlim/Segmentation/1qnsd6zo/file_stream',), kwargs: {'json': {'complete': False, 'failed': False, 'dropped': 0, 'uploaded': []}}
2023-01-11 09:11:45,713 DEBUG   HandlerThread:3681 [handler.py:handle_request():139] handle_request: stop_status
2023-01-11 09:12:05,723 DEBUG   HandlerThread:3681 [handler.py:handle_request():139] handle_request: stop_status
2023-01-11 09:12:25,733 DEBUG   HandlerThread:3681 [handler.py:handle_request():139] handle_request: stop_status
2023-01-11 09:12:45,743 DEBUG   HandlerThread:3681 [handler.py:handle_request():139] handle_request: stop_status
2023-01-11 09:12:52,701 WARNING FileStreamThread:3681 [file_stream.py:request_with_retry():667] requests_with_retry encountered retryable exception: HTTPSConnectionPool(host='api.wandb.ai', port=443): Max retries exceeded with url: /files/imlim/Segmentation/1qnsd6zo/file_stream (Caused by NewConnectionError('<urllib3.connection.HTTPSConnection object at 0x11eab2040>: Failed to establish a new connection: [Errno 8] nodename nor servname provided, or not known')). func: <bound method Session.post of <requests.sessions.Session object at 0x11e9fe100>>, args: ('https://api.wandb.ai/files/imlim/Segmentation/1qnsd6zo/file_stream',), kwargs: {'json': {'complete': False, 'failed': False, 'dropped': 0, 'uploaded': []}}
2023-01-11 09:13:05,750 DEBUG   HandlerThread:3681 [handler.py:handle_request():139] handle_request: stop_status
2023-01-11 09:13:25,758 DEBUG   HandlerThread:3681 [handler.py:handle_request():139] handle_request: stop_status
2023-01-11 09:13:45,766 DEBUG   HandlerThread:3681 [handler.py:handle_request():139] handle_request: stop_status
2023-01-11 09:14:05,776 DEBUG   HandlerThread:3681 [handler.py:handle_request():139] handle_request: stop_status
2023-01-11 09:14:25,786 DEBUG   HandlerThread:3681 [handler.py:handle_request():139] handle_request: stop_status
2023-01-11 09:14:45,795 DEBUG   HandlerThread:3681 [handler.py:handle_request():139] handle_request: stop_status
2023-01-11 09:15:05,805 DEBUG   HandlerThread:3681 [handler.py:handle_request():139] handle_request: stop_status
2023-01-11 09:15:25,806 DEBUG   HandlerThread:3681 [handler.py:handle_request():139] handle_request: stop_status
2023-01-11 09:15:26,990 WARNING FileStreamThread:3681 [file_stream.py:request_with_retry():667] requests_with_retry encountered retryable exception: HTTPSConnectionPool(host='api.wandb.ai', port=443): Max retries exceeded with url: /files/imlim/Segmentation/1qnsd6zo/file_stream (Caused by NewConnectionError('<urllib3.connection.HTTPSConnection object at 0x11eb29eb0>: Failed to establish a new connection: [Errno 8] nodename nor servname provided, or not known')). func: <bound method Session.post of <requests.sessions.Session object at 0x11e9fe100>>, args: ('https://api.wandb.ai/files/imlim/Segmentation/1qnsd6zo/file_stream',), kwargs: {'json': {'complete': False, 'failed': False, 'dropped': 0, 'uploaded': []}}
2023-01-11 09:15:45,812 DEBUG   HandlerThread:3681 [handler.py:handle_request():139] handle_request: stop_status
2023-01-11 09:16:05,822 DEBUG   HandlerThread:3681 [handler.py:handle_request():139] handle_request: stop_status
2023-01-11 09:16:25,832 DEBUG   HandlerThread:3681 [handler.py:handle_request():139] handle_request: stop_status
2023-01-11 09:16:45,836 DEBUG   HandlerThread:3681 [handler.py:handle_request():139] handle_request: stop_status
2023-01-11 09:17:05,846 DEBUG   HandlerThread:3681 [handler.py:handle_request():139] handle_request: stop_status
2023-01-11 09:17:25,854 DEBUG   HandlerThread:3681 [handler.py:handle_request():139] handle_request: stop_status
2023-01-11 09:17:45,864 DEBUG   HandlerThread:3681 [handler.py:handle_request():139] handle_request: stop_status
2023-01-11 09:18:05,869 DEBUG   HandlerThread:3681 [handler.py:handle_request():139] handle_request: stop_status
2023-01-11 09:18:25,876 DEBUG   HandlerThread:3681 [handler.py:handle_request():139] handle_request: stop_status
2023-01-11 09:18:45,885 DEBUG   HandlerThread:3681 [handler.py:handle_request():139] handle_request: stop_status
2023-01-11 09:19:05,895 DEBUG   HandlerThread:3681 [handler.py:handle_request():139] handle_request: stop_status
2023-01-11 09:19:25,901 DEBUG   HandlerThread:3681 [handler.py:handle_request():139] handle_request: stop_status
2023-01-11 09:19:45,911 DEBUG   HandlerThread:3681 [handler.py:handle_request():139] handle_request: stop_status
2023-01-11 09:20:05,920 DEBUG   HandlerThread:3681 [handler.py:handle_request():139] handle_request: stop_status
2023-01-11 09:20:25,929 DEBUG   HandlerThread:3681 [handler.py:handle_request():139] handle_request: stop_status
2023-01-11 09:20:31,841 WARNING FileStreamThread:3681 [file_stream.py:request_with_retry():667] requests_with_retry encountered retryable exception: HTTPSConnectionPool(host='api.wandb.ai', port=443): Max retries exceeded with url: /files/imlim/Segmentation/1qnsd6zo/file_stream (Caused by NewConnectionError('<urllib3.connection.HTTPSConnection object at 0x11eb29ca0>: Failed to establish a new connection: [Errno 8] nodename nor servname provided, or not known')). func: <bound method Session.post of <requests.sessions.Session object at 0x11e9fe100>>, args: ('https://api.wandb.ai/files/imlim/Segmentation/1qnsd6zo/file_stream',), kwargs: {'json': {'complete': False, 'failed': False, 'dropped': 0, 'uploaded': []}}
2023-01-11 09:20:45,933 DEBUG   HandlerThread:3681 [handler.py:handle_request():139] handle_request: stop_status
2023-01-11 09:21:05,940 DEBUG   HandlerThread:3681 [handler.py:handle_request():139] handle_request: stop_status
2023-01-11 09:21:25,948 DEBUG   HandlerThread:3681 [handler.py:handle_request():139] handle_request: stop_status
2023-01-11 09:21:45,958 DEBUG   HandlerThread:3681 [handler.py:handle_request():139] handle_request: stop_status
2023-01-11 09:22:05,963 DEBUG   HandlerThread:3681 [handler.py:handle_request():139] handle_request: stop_status
2023-01-11 09:22:25,969 DEBUG   HandlerThread:3681 [handler.py:handle_request():139] handle_request: stop_status
2023-01-11 09:22:45,979 DEBUG   HandlerThread:3681 [handler.py:handle_request():139] handle_request: stop_status
2023-01-11 09:23:05,986 DEBUG   HandlerThread:3681 [handler.py:handle_request():139] handle_request: stop_status
2023-01-11 09:23:25,993 DEBUG   HandlerThread:3681 [handler.py:handle_request():139] handle_request: stop_status
2023-01-11 09:23:46,000 DEBUG   HandlerThread:3681 [handler.py:handle_request():139] handle_request: stop_status
2023-01-11 09:24:06,007 DEBUG   HandlerThread:3681 [handler.py:handle_request():139] handle_request: stop_status
2023-01-11 09:24:26,014 DEBUG   HandlerThread:3681 [handler.py:handle_request():139] handle_request: stop_status
2023-01-11 09:24:46,022 DEBUG   HandlerThread:3681 [handler.py:handle_request():139] handle_request: stop_status
2023-01-11 09:25:06,032 DEBUG   HandlerThread:3681 [handler.py:handle_request():139] handle_request: stop_status
2023-01-11 09:25:26,041 DEBUG   HandlerThread:3681 [handler.py:handle_request():139] handle_request: stop_status
2023-01-11 09:25:46,047 DEBUG   HandlerThread:3681 [handler.py:handle_request():139] handle_request: stop_status
2023-01-11 09:26:06,057 DEBUG   HandlerThread:3681 [handler.py:handle_request():139] handle_request: stop_status
2023-01-11 09:26:26,067 DEBUG   HandlerThread:3681 [handler.py:handle_request():139] handle_request: stop_status
2023-01-11 09:26:37,843 WARNING FileStreamThread:3681 [file_stream.py:request_with_retry():667] requests_with_retry encountered retryable exception: HTTPSConnectionPool(host='api.wandb.ai', port=443): Max retries exceeded with url: /files/imlim/Segmentation/1qnsd6zo/file_stream (Caused by NewConnectionError('<urllib3.connection.HTTPSConnection object at 0x11eb29940>: Failed to establish a new connection: [Errno 8] nodename nor servname provided, or not known')). func: <bound method Session.post of <requests.sessions.Session object at 0x11e9fe100>>, args: ('https://api.wandb.ai/files/imlim/Segmentation/1qnsd6zo/file_stream',), kwargs: {'json': {'complete': False, 'failed': False, 'dropped': 0, 'uploaded': []}}
2023-01-11 09:26:46,077 DEBUG   HandlerThread:3681 [handler.py:handle_request():139] handle_request: stop_status
2023-01-11 09:27:06,083 DEBUG   HandlerThread:3681 [handler.py:handle_request():139] handle_request: stop_status
2023-01-11 09:27:26,089 DEBUG   HandlerThread:3681 [handler.py:handle_request():139] handle_request: stop_status
2023-01-11 09:27:46,097 DEBUG   HandlerThread:3681 [handler.py:handle_request():139] handle_request: stop_status
2023-01-11 09:28:06,100 DEBUG   HandlerThread:3681 [handler.py:handle_request():139] handle_request: stop_status
2023-01-11 09:28:26,107 DEBUG   HandlerThread:3681 [handler.py:handle_request():139] handle_request: stop_status
2023-01-11 09:28:46,117 DEBUG   HandlerThread:3681 [handler.py:handle_request():139] handle_request: stop_status
2023-01-11 09:29:06,126 DEBUG   HandlerThread:3681 [handler.py:handle_request():139] handle_request: stop_status
2023-01-11 09:29:26,136 DEBUG   HandlerThread:3681 [handler.py:handle_request():139] handle_request: stop_status
2023-01-11 09:29:46,145 DEBUG   HandlerThread:3681 [handler.py:handle_request():139] handle_request: stop_status
2023-01-11 09:30:06,155 DEBUG   HandlerThread:3681 [handler.py:handle_request():139] handle_request: stop_status
2023-01-11 09:30:26,163 DEBUG   HandlerThread:3681 [handler.py:handle_request():139] handle_request: stop_status
2023-01-11 09:30:46,169 DEBUG   HandlerThread:3681 [handler.py:handle_request():139] handle_request: stop_status
2023-01-11 09:31:06,179 DEBUG   HandlerThread:3681 [handler.py:handle_request():139] handle_request: stop_status
2023-01-11 09:31:26,189 DEBUG   HandlerThread:3681 [handler.py:handle_request():139] handle_request: stop_status
2023-01-11 09:31:46,194 DEBUG   HandlerThread:3681 [handler.py:handle_request():139] handle_request: stop_status
2023-01-11 09:32:06,203 DEBUG   HandlerThread:3681 [handler.py:handle_request():139] handle_request: stop_status
2023-01-11 09:32:13,553 WARNING FileStreamThread:3681 [file_stream.py:request_with_retry():667] requests_with_retry encountered retryable exception: HTTPSConnectionPool(host='api.wandb.ai', port=443): Max retries exceeded with url: /files/imlim/Segmentation/1qnsd6zo/file_stream (Caused by NewConnectionError('<urllib3.connection.HTTPSConnection object at 0x11eb37f70>: Failed to establish a new connection: [Errno 8] nodename nor servname provided, or not known')). func: <bound method Session.post of <requests.sessions.Session object at 0x11e9fe100>>, args: ('https://api.wandb.ai/files/imlim/Segmentation/1qnsd6zo/file_stream',), kwargs: {'json': {'complete': False, 'failed': False, 'dropped': 0, 'uploaded': []}}
2023-01-11 09:32:26,208 DEBUG   HandlerThread:3681 [handler.py:handle_request():139] handle_request: stop_status
2023-01-11 09:32:46,215 DEBUG   HandlerThread:3681 [handler.py:handle_request():139] handle_request: stop_status
2023-01-11 09:33:06,225 DEBUG   HandlerThread:3681 [handler.py:handle_request():139] handle_request: stop_status
2023-01-11 09:33:26,227 DEBUG   HandlerThread:3681 [handler.py:handle_request():139] handle_request: stop_status
2023-01-11 09:33:46,235 DEBUG   HandlerThread:3681 [handler.py:handle_request():139] handle_request: stop_status
2023-01-11 09:34:06,243 DEBUG   HandlerThread:3681 [handler.py:handle_request():139] handle_request: stop_status
2023-01-11 09:34:26,248 DEBUG   HandlerThread:3681 [handler.py:handle_request():139] handle_request: stop_status
2023-01-11 09:34:46,258 DEBUG   HandlerThread:3681 [handler.py:handle_request():139] handle_request: stop_status
2023-01-11 09:35:06,268 DEBUG   HandlerThread:3681 [handler.py:handle_request():139] handle_request: stop_status
2023-01-11 09:35:26,278 DEBUG   HandlerThread:3681 [handler.py:handle_request():139] handle_request: stop_status
2023-01-11 09:35:46,288 DEBUG   HandlerThread:3681 [handler.py:handle_request():139] handle_request: stop_status
2023-01-11 09:36:06,296 DEBUG   HandlerThread:3681 [handler.py:handle_request():139] handle_request: stop_status
2023-01-11 09:36:26,304 DEBUG   HandlerThread:3681 [handler.py:handle_request():139] handle_request: stop_status
2023-01-11 09:36:46,314 DEBUG   HandlerThread:3681 [handler.py:handle_request():139] handle_request: stop_status
2023-01-11 09:37:06,324 DEBUG   HandlerThread:3681 [handler.py:handle_request():139] handle_request: stop_status
2023-01-11 09:37:25,830 WARNING FileStreamThread:3681 [file_stream.py:request_with_retry():667] requests_with_retry encountered retryable exception: HTTPSConnectionPool(host='api.wandb.ai', port=443): Max retries exceeded with url: /files/imlim/Segmentation/1qnsd6zo/file_stream (Caused by NewConnectionError('<urllib3.connection.HTTPSConnection object at 0x11eb37d90>: Failed to establish a new connection: [Errno 8] nodename nor servname provided, or not known')). func: <bound method Session.post of <requests.sessions.Session object at 0x11e9fe100>>, args: ('https://api.wandb.ai/files/imlim/Segmentation/1qnsd6zo/file_stream',), kwargs: {'json': {'complete': False, 'failed': False, 'dropped': 0, 'uploaded': []}}
2023-01-11 09:37:26,334 DEBUG   HandlerThread:3681 [handler.py:handle_request():139] handle_request: stop_status
2023-01-11 09:37:46,340 DEBUG   HandlerThread:3681 [handler.py:handle_request():139] handle_request: stop_status
2023-01-11 09:38:06,350 DEBUG   HandlerThread:3681 [handler.py:handle_request():139] handle_request: stop_status
2023-01-11 09:38:26,360 DEBUG   HandlerThread:3681 [handler.py:handle_request():139] handle_request: stop_status
2023-01-11 09:38:46,365 DEBUG   HandlerThread:3681 [handler.py:handle_request():139] handle_request: stop_status
2023-01-11 09:39:06,375 DEBUG   HandlerThread:3681 [handler.py:handle_request():139] handle_request: stop_status
2023-01-11 09:39:26,383 DEBUG   HandlerThread:3681 [handler.py:handle_request():139] handle_request: stop_status
2023-01-11 09:39:46,390 DEBUG   HandlerThread:3681 [handler.py:handle_request():139] handle_request: stop_status
2023-01-11 09:40:06,400 DEBUG   HandlerThread:3681 [handler.py:handle_request():139] handle_request: stop_status
2023-01-11 09:40:26,409 DEBUG   HandlerThread:3681 [handler.py:handle_request():139] handle_request: stop_status
2023-01-11 09:40:46,419 DEBUG   HandlerThread:3681 [handler.py:handle_request():139] handle_request: stop_status
2023-01-11 09:41:06,429 DEBUG   HandlerThread:3681 [handler.py:handle_request():139] handle_request: stop_status
2023-01-11 09:41:26,438 DEBUG   HandlerThread:3681 [handler.py:handle_request():139] handle_request: stop_status
2023-01-11 09:41:46,448 DEBUG   HandlerThread:3681 [handler.py:handle_request():139] handle_request: stop_status
2023-01-11 09:42:06,457 DEBUG   HandlerThread:3681 [handler.py:handle_request():139] handle_request: stop_status
2023-01-11 09:42:26,467 DEBUG   HandlerThread:3681 [handler.py:handle_request():139] handle_request: stop_status
2023-01-11 09:42:46,477 DEBUG   HandlerThread:3681 [handler.py:handle_request():139] handle_request: stop_status
2023-01-11 09:43:06,486 DEBUG   HandlerThread:3681 [handler.py:handle_request():139] handle_request: stop_status
2023-01-11 09:43:26,493 DEBUG   HandlerThread:3681 [handler.py:handle_request():139] handle_request: stop_status
2023-01-11 09:43:35,580 WARNING FileStreamThread:3681 [file_stream.py:request_with_retry():667] requests_with_retry encountered retryable exception: HTTPSConnectionPool(host='api.wandb.ai', port=443): Max retries exceeded with url: /files/imlim/Segmentation/1qnsd6zo/file_stream (Caused by NewConnectionError('<urllib3.connection.HTTPSConnection object at 0x11eb296d0>: Failed to establish a new connection: [Errno 8] nodename nor servname provided, or not known')). func: <bound method Session.post of <requests.sessions.Session object at 0x11e9fe100>>, args: ('https://api.wandb.ai/files/imlim/Segmentation/1qnsd6zo/file_stream',), kwargs: {'json': {'complete': False, 'failed': False, 'dropped': 0, 'uploaded': []}}
2023-01-11 09:43:46,503 DEBUG   HandlerThread:3681 [handler.py:handle_request():139] handle_request: stop_status
2023-01-11 09:44:06,509 DEBUG   HandlerThread:3681 [handler.py:handle_request():139] handle_request: stop_status
2023-01-11 09:44:26,519 DEBUG   HandlerThread:3681 [handler.py:handle_request():139] handle_request: stop_status
2023-01-11 09:44:46,526 DEBUG   HandlerThread:3681 [handler.py:handle_request():139] handle_request: stop_status
2023-01-11 09:45:06,536 DEBUG   HandlerThread:3681 [handler.py:handle_request():139] handle_request: stop_status
2023-01-11 09:45:26,546 DEBUG   HandlerThread:3681 [handler.py:handle_request():139] handle_request: stop_status
2023-01-11 09:45:46,547 DEBUG   HandlerThread:3681 [handler.py:handle_request():139] handle_request: stop_status
2023-01-11 09:46:06,557 DEBUG   HandlerThread:3681 [handler.py:handle_request():139] handle_request: stop_status
2023-01-11 09:46:26,567 DEBUG   HandlerThread:3681 [handler.py:handle_request():139] handle_request: stop_status
2023-01-11 09:46:46,571 DEBUG   HandlerThread:3681 [handler.py:handle_request():139] handle_request: stop_status
2023-01-11 09:47:06,577 DEBUG   HandlerThread:3681 [handler.py:handle_request():139] handle_request: stop_status
2023-01-11 09:47:26,586 DEBUG   HandlerThread:3681 [handler.py:handle_request():139] handle_request: stop_status
2023-01-11 09:47:46,594 DEBUG   HandlerThread:3681 [handler.py:handle_request():139] handle_request: stop_status
2023-01-11 09:48:06,604 DEBUG   HandlerThread:3681 [handler.py:handle_request():139] handle_request: stop_status
2023-01-11 09:48:26,614 DEBUG   HandlerThread:3681 [handler.py:handle_request():139] handle_request: stop_status
2023-01-11 09:48:46,624 DEBUG   HandlerThread:3681 [handler.py:handle_request():139] handle_request: stop_status
2023-01-11 09:49:03,125 WARNING FileStreamThread:3681 [file_stream.py:request_with_retry():667] requests_with_retry encountered retryable exception: HTTPSConnectionPool(host='api.wandb.ai', port=443): Max retries exceeded with url: /files/imlim/Segmentation/1qnsd6zo/file_stream (Caused by NewConnectionError('<urllib3.connection.HTTPSConnection object at 0x11eb29070>: Failed to establish a new connection: [Errno 8] nodename nor servname provided, or not known')). func: <bound method Session.post of <requests.sessions.Session object at 0x11e9fe100>>, args: ('https://api.wandb.ai/files/imlim/Segmentation/1qnsd6zo/file_stream',), kwargs: {'json': {'complete': False, 'failed': False, 'dropped': 0, 'uploaded': []}}
2023-01-11 09:49:06,631 DEBUG   HandlerThread:3681 [handler.py:handle_request():139] handle_request: stop_status
2023-01-11 09:49:26,636 DEBUG   HandlerThread:3681 [handler.py:handle_request():139] handle_request: stop_status
2023-01-11 09:49:46,646 DEBUG   HandlerThread:3681 [handler.py:handle_request():139] handle_request: stop_status
2023-01-11 09:50:06,656 DEBUG   HandlerThread:3681 [handler.py:handle_request():139] handle_request: stop_status
2023-01-11 09:50:26,662 DEBUG   HandlerThread:3681 [handler.py:handle_request():139] handle_request: stop_status
2023-01-11 09:50:46,672 DEBUG   HandlerThread:3681 [handler.py:handle_request():139] handle_request: stop_status
2023-01-11 09:51:06,680 DEBUG   HandlerThread:3681 [handler.py:handle_request():139] handle_request: stop_status
2023-01-11 09:51:26,900 DEBUG   HandlerThread:3681 [handler.py:handle_request():139] handle_request: stop_status
2023-01-11 09:51:46,903 DEBUG   HandlerThread:3681 [handler.py:handle_request():139] handle_request: stop_status
2023-01-11 09:52:06,909 DEBUG   HandlerThread:3681 [handler.py:handle_request():139] handle_request: stop_status
2023-01-11 09:52:26,919 DEBUG   HandlerThread:3681 [handler.py:handle_request():139] handle_request: stop_status
2023-01-11 09:52:46,927 DEBUG   HandlerThread:3681 [handler.py:handle_request():139] handle_request: stop_status
2023-01-11 09:53:06,938 DEBUG   HandlerThread:3681 [handler.py:handle_request():139] handle_request: stop_status
2023-01-11 09:53:26,949 DEBUG   HandlerThread:3681 [handler.py:handle_request():139] handle_request: stop_status
2023-01-11 09:53:46,958 DEBUG   HandlerThread:3681 [handler.py:handle_request():139] handle_request: stop_status
2023-01-11 09:54:06,963 DEBUG   HandlerThread:3681 [handler.py:handle_request():139] handle_request: stop_status
2023-01-11 09:54:16,542 DEBUG   SenderThread:3681 [sender.py:send_request():317] send_request: stop_status
2023-01-11 09:54:16,777 DEBUG   SenderThread:3681 [sender.py:send_request():317] send_request: stop_status
2023-01-11 09:54:17,019 DEBUG   SenderThread:3681 [sender.py:send_request():317] send_request: stop_status
2023-01-11 09:54:17,372 DEBUG   SenderThread:3681 [sender.py:send_request():317] send_request: stop_status
2023-01-11 09:54:18,488 DEBUG   SenderThread:3681 [sender.py:send_request():317] send_request: stop_status
2023-01-11 09:54:19,329 INFO    Thread-13 :3681 [dir_watcher.py:_on_file_modified():292] file/dir modified: /Users/imlim/Aiffel/segmentation/wandb/run-20230111_084838-1qnsd6zo/files/output.log
2023-01-11 09:54:19,349 DEBUG   SenderThread:3681 [sender.py:send_request():317] send_request: stop_status
2023-01-11 09:54:19,756 DEBUG   SenderThread:3681 [sender.py:send_request():317] send_request: stop_status
2023-01-11 09:54:19,989 DEBUG   SenderThread:3681 [sender.py:send_request():317] send_request: stop_status
2023-01-11 09:54:20,226 DEBUG   SenderThread:3681 [sender.py:send_request():317] send_request: stop_status
2023-01-11 09:54:20,476 DEBUG   SenderThread:3681 [sender.py:send_request():317] send_request: stop_status
2023-01-11 09:54:20,917 DEBUG   SenderThread:3681 [sender.py:send_request():317] send_request: stop_status
2023-01-11 09:54:21,157 DEBUG   SenderThread:3681 [sender.py:send_request():317] send_request: stop_status
2023-01-11 09:54:21,481 DEBUG   SenderThread:3681 [sender.py:send_request():317] send_request: stop_status
2023-01-11 09:54:21,746 DEBUG   SenderThread:3681 [sender.py:send_request():317] send_request: stop_status
2023-01-11 09:54:22,475 DEBUG   SenderThread:3681 [sender.py:send_request():317] send_request: stop_status
2023-01-11 09:54:22,771 DEBUG   SenderThread:3681 [sender.py:send_request():317] send_request: stop_status
2023-01-11 09:54:23,060 DEBUG   SenderThread:3681 [sender.py:send_request():317] send_request: stop_status
2023-01-11 09:54:23,317 DEBUG   SenderThread:3681 [sender.py:send_request():317] send_request: stop_status
2023-01-11 09:54:23,578 DEBUG   SenderThread:3681 [sender.py:send_request():317] send_request: stop_status
2023-01-11 09:54:23,856 DEBUG   SenderThread:3681 [sender.py:send_request():317] send_request: stop_status
2023-01-11 09:54:24,122 DEBUG   SenderThread:3681 [sender.py:send_request():317] send_request: stop_status
2023-01-11 09:54:24,612 DEBUG   SenderThread:3681 [sender.py:send_request():317] send_request: stop_status
2023-01-11 09:54:24,886 DEBUG   SenderThread:3681 [sender.py:send_request():317] send_request: stop_status
2023-01-11 09:54:25,192 DEBUG   SenderThread:3681 [sender.py:send_request():317] send_request: stop_status
2023-01-11 09:54:25,500 DEBUG   SenderThread:3681 [sender.py:send_request():317] send_request: stop_status
2023-01-11 09:54:26,047 DEBUG   SenderThread:3681 [sender.py:send_request():317] send_request: stop_status
2023-01-11 09:54:26,320 DEBUG   SenderThread:3681 [sender.py:send_request():317] send_request: stop_status
2023-01-11 09:54:26,582 DEBUG   SenderThread:3681 [sender.py:send_request():317] send_request: stop_status
2023-01-11 09:54:26,842 DEBUG   SenderThread:3681 [sender.py:send_request():317] send_request: stop_status
2023-01-11 09:54:26,970 DEBUG   HandlerThread:3681 [handler.py:handle_request():139] handle_request: stop_status
2023-01-11 09:54:27,125 DEBUG   SenderThread:3681 [sender.py:send_request():317] send_request: stop_status
2023-01-11 09:54:27,413 DEBUG   SenderThread:3681 [sender.py:send_request():317] send_request: stop_status
2023-01-11 09:54:27,676 DEBUG   SenderThread:3681 [sender.py:send_request():317] send_request: stop_status
2023-01-11 09:54:27,963 DEBUG   SenderThread:3681 [sender.py:send_request():317] send_request: stop_status
2023-01-11 09:54:28,561 DEBUG   SenderThread:3681 [sender.py:send_request():317] send_request: stop_status
2023-01-11 09:54:28,881 DEBUG   SenderThread:3681 [sender.py:send_request():317] send_request: stop_status
2023-01-11 09:54:29,484 DEBUG   SenderThread:3681 [sender.py:send_request():317] send_request: stop_status
2023-01-11 09:54:31,905 DEBUG   SenderThread:3681 [sender.py:send_request():317] send_request: stop_status
2023-01-11 09:54:32,157 DEBUG   SenderThread:3681 [sender.py:send_request():317] send_request: stop_status
2023-01-11 09:54:33,528 DEBUG   SenderThread:3681 [sender.py:send_request():317] send_request: stop_status
2023-01-11 09:54:34,173 DEBUG   SenderThread:3681 [sender.py:send_request():317] send_request: stop_status
2023-01-11 09:54:34,790 DEBUG   SenderThread:3681 [sender.py:send_request():317] send_request: stop_status
2023-01-11 09:54:35,550 DEBUG   SenderThread:3681 [sender.py:send_request():317] send_request: stop_status
2023-01-11 09:54:35,844 DEBUG   SenderThread:3681 [sender.py:send_request():317] send_request: stop_status
2023-01-11 09:54:36,100 DEBUG   SenderThread:3681 [sender.py:send_request():317] send_request: stop_status
2023-01-11 09:54:36,769 DEBUG   SenderThread:3681 [sender.py:send_request():317] send_request: stop_status
2023-01-11 09:54:37,207 DEBUG   SenderThread:3681 [sender.py:send_request():317] send_request: stop_status
2023-01-11 09:54:37,481 DEBUG   SenderThread:3681 [sender.py:send_request():317] send_request: stop_status
2023-01-11 09:54:37,760 DEBUG   SenderThread:3681 [sender.py:send_request():317] send_request: stop_status
2023-01-11 09:54:38,064 DEBUG   SenderThread:3681 [sender.py:send_request():317] send_request: stop_status
2023-01-11 09:54:38,299 DEBUG   SenderThread:3681 [sender.py:send_request():317] send_request: stop_status
2023-01-11 09:54:38,542 DEBUG   SenderThread:3681 [sender.py:send_request():317] send_request: stop_status
2023-01-11 09:54:39,011 DEBUG   SenderThread:3681 [sender.py:send_request():317] send_request: stop_status
2023-01-11 09:54:39,271 DEBUG   SenderThread:3681 [sender.py:send_request():317] send_request: stop_status
2023-01-11 09:54:40,589 DEBUG   SenderThread:3681 [sender.py:send_request():317] send_request: stop_status
2023-01-11 09:54:40,855 DEBUG   SenderThread:3681 [sender.py:send_request():317] send_request: stop_status
2023-01-11 09:54:41,572 DEBUG   SenderThread:3681 [sender.py:send_request():317] send_request: stop_status
2023-01-11 09:54:41,865 DEBUG   SenderThread:3681 [sender.py:send_request():317] send_request: stop_status
2023-01-11 09:54:42,132 DEBUG   SenderThread:3681 [sender.py:send_request():317] send_request: stop_status
2023-01-11 09:54:43,832 DEBUG   SenderThread:3681 [sender.py:send_request():317] send_request: stop_status
2023-01-11 09:54:44,130 DEBUG   SenderThread:3681 [sender.py:send_request():317] send_request: stop_status
2023-01-11 09:54:44,469 DEBUG   SenderThread:3681 [sender.py:send_request():317] send_request: stop_status
2023-01-11 09:54:44,835 DEBUG   SenderThread:3681 [sender.py:send_request():317] send_request: stop_status
2023-01-11 09:54:45,362 DEBUG   SenderThread:3681 [sender.py:send_request():317] send_request: stop_status
2023-01-11 09:54:45,679 DEBUG   SenderThread:3681 [sender.py:send_request():317] send_request: stop_status
2023-01-11 09:54:46,238 DEBUG   SenderThread:3681 [sender.py:send_request():317] send_request: stop_status
2023-01-11 09:54:46,685 DEBUG   SenderThread:3681 [sender.py:send_request():317] send_request: stop_status
2023-01-11 09:54:46,979 DEBUG   HandlerThread:3681 [handler.py:handle_request():139] handle_request: stop_status
2023-01-11 09:54:47,623 DEBUG   SenderThread:3681 [sender.py:send_request():317] send_request: stop_status
2023-01-11 09:54:48,911 DEBUG   SenderThread:3681 [sender.py:send_request():317] send_request: stop_status
2023-01-11 09:54:49,197 DEBUG   SenderThread:3681 [sender.py:send_request():317] send_request: stop_status
2023-01-11 09:54:49,456 DEBUG   SenderThread:3681 [sender.py:send_request():317] send_request: stop_status
2023-01-11 09:54:49,710 DEBUG   SenderThread:3681 [sender.py:send_request():317] send_request: stop_status
2023-01-11 09:54:49,949 DEBUG   SenderThread:3681 [sender.py:send_request():317] send_request: stop_status
2023-01-11 09:54:50,220 DEBUG   SenderThread:3681 [sender.py:send_request():317] send_request: stop_status
2023-01-11 09:54:50,466 DEBUG   SenderThread:3681 [sender.py:send_request():317] send_request: stop_status
2023-01-11 09:54:50,728 DEBUG   SenderThread:3681 [sender.py:send_request():317] send_request: stop_status
2023-01-11 09:54:51,361 DEBUG   SenderThread:3681 [sender.py:send_request():317] send_request: stop_status
2023-01-11 09:54:51,624 DEBUG   SenderThread:3681 [sender.py:send_request():317] send_request: stop_status
2023-01-11 09:54:52,159 DEBUG   SenderThread:3681 [sender.py:send_request():317] send_request: stop_status
2023-01-11 09:54:52,425 DEBUG   SenderThread:3681 [sender.py:send_request():317] send_request: stop_status
2023-01-11 09:54:53,512 DEBUG   SenderThread:3681 [sender.py:send_request():317] send_request: stop_status
2023-01-11 09:54:53,745 DEBUG   SenderThread:3681 [sender.py:send_request():317] send_request: stop_status
2023-01-11 09:54:54,126 DEBUG   SenderThread:3681 [sender.py:send_request():317] send_request: stop_status
2023-01-11 09:54:54,365 DEBUG   SenderThread:3681 [sender.py:send_request():317] send_request: stop_status
2023-01-11 09:54:54,636 DEBUG   SenderThread:3681 [sender.py:send_request():317] send_request: stop_status
2023-01-11 09:54:54,930 DEBUG   SenderThread:3681 [sender.py:send_request():317] send_request: stop_status
2023-01-11 09:54:55,567 DEBUG   SenderThread:3681 [sender.py:send_request():317] send_request: stop_status
2023-01-11 09:54:55,807 DEBUG   SenderThread:3681 [sender.py:send_request():317] send_request: stop_status
2023-01-11 09:54:56,305 DEBUG   SenderThread:3681 [sender.py:send_request():317] send_request: stop_status
2023-01-11 09:54:56,604 DEBUG   SenderThread:3681 [sender.py:send_request():317] send_request: stop_status
2023-01-11 09:54:56,953 DEBUG   SenderThread:3681 [sender.py:send_request():317] send_request: stop_status
2023-01-11 09:54:57,229 DEBUG   SenderThread:3681 [sender.py:send_request():317] send_request: stop_status
2023-01-11 09:54:57,489 DEBUG   SenderThread:3681 [sender.py:send_request():317] send_request: stop_status
2023-01-11 09:54:57,790 DEBUG   SenderThread:3681 [sender.py:send_request():317] send_request: stop_status
2023-01-11 09:54:58,432 DEBUG   SenderThread:3681 [sender.py:send_request():317] send_request: stop_status
2023-01-11 09:54:58,786 DEBUG   SenderThread:3681 [sender.py:send_request():317] send_request: stop_status
2023-01-11 09:55:00,067 DEBUG   SenderThread:3681 [sender.py:send_request():317] send_request: stop_status
2023-01-11 09:55:00,307 DEBUG   SenderThread:3681 [sender.py:send_request():317] send_request: stop_status
2023-01-11 09:55:00,579 DEBUG   SenderThread:3681 [sender.py:send_request():317] send_request: stop_status
2023-01-11 09:55:00,908 DEBUG   SenderThread:3681 [sender.py:send_request():317] send_request: stop_status
2023-01-11 09:55:01,147 DEBUG   SenderThread:3681 [sender.py:send_request():317] send_request: stop_status
2023-01-11 09:55:01,395 DEBUG   SenderThread:3681 [sender.py:send_request():317] send_request: stop_status
2023-01-11 09:55:01,658 DEBUG   SenderThread:3681 [sender.py:send_request():317] send_request: stop_status
2023-01-11 09:55:01,916 DEBUG   SenderThread:3681 [sender.py:send_request():317] send_request: stop_status
2023-01-11 09:55:02,316 DEBUG   SenderThread:3681 [sender.py:send_request():317] send_request: stop_status
2023-01-11 09:55:02,556 DEBUG   SenderThread:3681 [sender.py:send_request():317] send_request: stop_status
2023-01-11 09:55:02,836 DEBUG   SenderThread:3681 [sender.py:send_request():317] send_request: stop_status
2023-01-11 09:55:03,084 DEBUG   SenderThread:3681 [sender.py:send_request():317] send_request: stop_status
2023-01-11 09:55:03,333 DEBUG   SenderThread:3681 [sender.py:send_request():317] send_request: stop_status
2023-01-11 09:55:03,596 DEBUG   SenderThread:3681 [sender.py:send_request():317] send_request: stop_status
2023-01-11 09:55:03,883 DEBUG   SenderThread:3681 [sender.py:send_request():317] send_request: stop_status
2023-01-11 09:55:04,161 DEBUG   SenderThread:3681 [sender.py:send_request():317] send_request: stop_status
2023-01-11 09:55:04,407 DEBUG   SenderThread:3681 [sender.py:send_request():317] send_request: stop_status
2023-01-11 09:55:04,674 DEBUG   SenderThread:3681 [sender.py:send_request():317] send_request: stop_status
2023-01-11 09:55:04,937 DEBUG   SenderThread:3681 [sender.py:send_request():317] send_request: stop_status
2023-01-11 09:55:05,432 DEBUG   SenderThread:3681 [sender.py:send_request():317] send_request: stop_status
2023-01-11 09:55:05,682 DEBUG   SenderThread:3681 [sender.py:send_request():317] send_request: stop_status
2023-01-11 09:55:05,920 DEBUG   SenderThread:3681 [sender.py:send_request():317] send_request: stop_status
2023-01-11 09:55:06,178 DEBUG   SenderThread:3681 [sender.py:send_request():317] send_request: stop_status
2023-01-11 09:55:06,433 DEBUG   SenderThread:3681 [sender.py:send_request():317] send_request: stop_status
2023-01-11 09:55:06,724 DEBUG   SenderThread:3681 [sender.py:send_request():317] send_request: stop_status
2023-01-11 09:55:06,976 DEBUG   SenderThread:3681 [sender.py:send_request():317] send_request: stop_status
2023-01-11 09:55:06,988 DEBUG   HandlerThread:3681 [handler.py:handle_request():139] handle_request: stop_status
2023-01-11 09:55:07,256 DEBUG   SenderThread:3681 [sender.py:send_request():317] send_request: stop_status
2023-01-11 09:55:07,731 DEBUG   SenderThread:3681 [sender.py:send_request():317] send_request: stop_status
2023-01-11 09:55:07,995 DEBUG   SenderThread:3681 [sender.py:send_request():317] send_request: stop_status
2023-01-11 09:55:08,473 DEBUG   SenderThread:3681 [sender.py:send_request():317] send_request: stop_status
2023-01-11 09:55:08,776 DEBUG   SenderThread:3681 [sender.py:send_request():317] send_request: stop_status
2023-01-11 09:55:09,057 DEBUG   SenderThread:3681 [sender.py:send_request():317] send_request: stop_status
2023-01-11 09:55:09,590 DEBUG   SenderThread:3681 [sender.py:send_request():317] send_request: stop_status
2023-01-11 09:55:09,985 DEBUG   SenderThread:3681 [sender.py:send_request():317] send_request: stop_status
2023-01-11 09:55:10,495 DEBUG   SenderThread:3681 [sender.py:send_request():317] send_request: stop_status
2023-01-11 09:55:10,743 DEBUG   SenderThread:3681 [sender.py:send_request():317] send_request: stop_status
2023-01-11 09:55:12,092 DEBUG   SenderThread:3681 [sender.py:send_request():317] send_request: stop_status
2023-01-11 09:55:12,388 DEBUG   SenderThread:3681 [sender.py:send_request():317] send_request: stop_status
2023-01-11 09:55:13,107 DEBUG   SenderThread:3681 [sender.py:send_request():317] send_request: stop_status
2023-01-11 09:55:13,397 DEBUG   SenderThread:3681 [sender.py:send_request():317] send_request: stop_status
2023-01-11 09:55:27,000 DEBUG   HandlerThread:3681 [handler.py:handle_request():139] handle_request: stop_status
2023-01-11 09:55:27,000 DEBUG   SenderThread:3681 [sender.py:send_request():317] send_request: stop_status
2023-01-11 09:55:42,246 DEBUG   HandlerThread:3681 [handler.py:handle_request():139] handle_request: stop_status
2023-01-11 09:55:42,247 DEBUG   SenderThread:3681 [sender.py:send_request():317] send_request: stop_status
2023-01-11 09:55:57,550 DEBUG   HandlerThread:3681 [handler.py:handle_request():139] handle_request: stop_status
2023-01-11 09:55:57,550 DEBUG   SenderThread:3681 [sender.py:send_request():317] send_request: stop_status
2023-01-11 09:56:12,930 DEBUG   HandlerThread:3681 [handler.py:handle_request():139] handle_request: stop_status
2023-01-11 09:56:12,931 DEBUG   SenderThread:3681 [sender.py:send_request():317] send_request: stop_status
2023-01-11 09:56:28,246 DEBUG   HandlerThread:3681 [handler.py:handle_request():139] handle_request: stop_status
2023-01-11 09:56:28,246 DEBUG   SenderThread:3681 [sender.py:send_request():317] send_request: stop_status
2023-01-11 09:56:43,555 DEBUG   HandlerThread:3681 [handler.py:handle_request():139] handle_request: stop_status
2023-01-11 09:56:43,556 DEBUG   SenderThread:3681 [sender.py:send_request():317] send_request: stop_status
2023-01-11 09:56:58,819 DEBUG   HandlerThread:3681 [handler.py:handle_request():139] handle_request: stop_status
2023-01-11 09:56:58,819 DEBUG   SenderThread:3681 [sender.py:send_request():317] send_request: stop_status
2023-01-11 09:57:14,070 DEBUG   HandlerThread:3681 [handler.py:handle_request():139] handle_request: stop_status
2023-01-11 09:57:14,071 DEBUG   SenderThread:3681 [sender.py:send_request():317] send_request: stop_status
2023-01-11 09:57:29,342 DEBUG   HandlerThread:3681 [handler.py:handle_request():139] handle_request: stop_status
2023-01-11 09:57:29,343 DEBUG   SenderThread:3681 [sender.py:send_request():317] send_request: stop_status
2023-01-11 09:57:44,624 DEBUG   HandlerThread:3681 [handler.py:handle_request():139] handle_request: stop_status
2023-01-11 09:57:44,625 DEBUG   SenderThread:3681 [sender.py:send_request():317] send_request: stop_status
2023-01-11 09:57:59,877 DEBUG   HandlerThread:3681 [handler.py:handle_request():139] handle_request: stop_status
2023-01-11 09:57:59,878 DEBUG   SenderThread:3681 [sender.py:send_request():317] send_request: stop_status
2023-01-11 09:58:15,131 DEBUG   HandlerThread:3681 [handler.py:handle_request():139] handle_request: stop_status
2023-01-11 09:58:15,132 DEBUG   SenderThread:3681 [sender.py:send_request():317] send_request: stop_status
2023-01-11 09:58:30,394 DEBUG   HandlerThread:3681 [handler.py:handle_request():139] handle_request: stop_status
2023-01-11 09:58:30,394 DEBUG   SenderThread:3681 [sender.py:send_request():317] send_request: stop_status
2023-01-11 09:58:45,788 DEBUG   HandlerThread:3681 [handler.py:handle_request():139] handle_request: stop_status
2023-01-11 09:58:45,789 DEBUG   SenderThread:3681 [sender.py:send_request():317] send_request: stop_status
2023-01-11 09:59:01,037 DEBUG   HandlerThread:3681 [handler.py:handle_request():139] handle_request: stop_status
2023-01-11 09:59:01,037 DEBUG   SenderThread:3681 [sender.py:send_request():317] send_request: stop_status
2023-01-11 09:59:16,302 DEBUG   HandlerThread:3681 [handler.py:handle_request():139] handle_request: stop_status
2023-01-11 09:59:16,302 DEBUG   SenderThread:3681 [sender.py:send_request():317] send_request: stop_status
2023-01-11 09:59:31,601 DEBUG   HandlerThread:3681 [handler.py:handle_request():139] handle_request: stop_status
2023-01-11 09:59:31,602 DEBUG   SenderThread:3681 [sender.py:send_request():317] send_request: stop_status
2023-01-11 09:59:46,849 DEBUG   HandlerThread:3681 [handler.py:handle_request():139] handle_request: stop_status
2023-01-11 09:59:46,850 DEBUG   SenderThread:3681 [sender.py:send_request():317] send_request: stop_status
2023-01-11 10:00:02,132 DEBUG   HandlerThread:3681 [handler.py:handle_request():139] handle_request: stop_status
2023-01-11 10:00:02,133 DEBUG   SenderThread:3681 [sender.py:send_request():317] send_request: stop_status
2023-01-11 10:00:17,405 DEBUG   HandlerThread:3681 [handler.py:handle_request():139] handle_request: stop_status
2023-01-11 10:00:17,405 DEBUG   SenderThread:3681 [sender.py:send_request():317] send_request: stop_status
2023-01-11 10:00:32,659 DEBUG   HandlerThread:3681 [handler.py:handle_request():139] handle_request: stop_status
2023-01-11 10:00:32,660 DEBUG   SenderThread:3681 [sender.py:send_request():317] send_request: stop_status
2023-01-11 10:00:47,919 DEBUG   HandlerThread:3681 [handler.py:handle_request():139] handle_request: stop_status
2023-01-11 10:00:47,920 DEBUG   SenderThread:3681 [sender.py:send_request():317] send_request: stop_status
2023-01-11 10:01:03,166 DEBUG   HandlerThread:3681 [handler.py:handle_request():139] handle_request: stop_status
2023-01-11 10:01:03,167 DEBUG   SenderThread:3681 [sender.py:send_request():317] send_request: stop_status
2023-01-11 10:01:18,435 DEBUG   HandlerThread:3681 [handler.py:handle_request():139] handle_request: stop_status
2023-01-11 10:01:18,436 DEBUG   SenderThread:3681 [sender.py:send_request():317] send_request: stop_status
2023-01-11 10:01:33,955 DEBUG   HandlerThread:3681 [handler.py:handle_request():139] handle_request: stop_status
2023-01-11 10:01:33,956 DEBUG   SenderThread:3681 [sender.py:send_request():317] send_request: stop_status
2023-01-11 10:01:49,426 DEBUG   HandlerThread:3681 [handler.py:handle_request():139] handle_request: stop_status
2023-01-11 10:01:49,427 DEBUG   SenderThread:3681 [sender.py:send_request():317] send_request: stop_status
2023-01-11 10:02:06,058 DEBUG   HandlerThread:3681 [handler.py:handle_request():139] handle_request: stop_status
2023-01-11 10:02:06,059 DEBUG   SenderThread:3681 [sender.py:send_request():317] send_request: stop_status
2023-01-11 10:02:22,827 DEBUG   HandlerThread:3681 [handler.py:handle_request():139] handle_request: stop_status
2023-01-11 10:02:22,828 DEBUG   SenderThread:3681 [sender.py:send_request():317] send_request: stop_status
2023-01-11 10:02:38,086 DEBUG   HandlerThread:3681 [handler.py:handle_request():139] handle_request: stop_status
2023-01-11 10:02:38,087 DEBUG   SenderThread:3681 [sender.py:send_request():317] send_request: stop_status
2023-01-11 10:02:53,424 DEBUG   HandlerThread:3681 [handler.py:handle_request():139] handle_request: stop_status
2023-01-11 10:02:53,425 DEBUG   SenderThread:3681 [sender.py:send_request():317] send_request: stop_status
2023-01-11 10:03:08,696 DEBUG   HandlerThread:3681 [handler.py:handle_request():139] handle_request: stop_status
2023-01-11 10:03:08,697 DEBUG   SenderThread:3681 [sender.py:send_request():317] send_request: stop_status
2023-01-11 10:03:24,834 DEBUG   HandlerThread:3681 [handler.py:handle_request():139] handle_request: stop_status
2023-01-11 10:03:24,835 DEBUG   SenderThread:3681 [sender.py:send_request():317] send_request: stop_status
2023-01-11 10:03:44,735 DEBUG   HandlerThread:3681 [handler.py:handle_request():139] handle_request: stop_status
2023-01-11 10:03:44,735 DEBUG   SenderThread:3681 [sender.py:send_request():317] send_request: stop_status
2023-01-11 10:04:00,996 DEBUG   HandlerThread:3681 [handler.py:handle_request():139] handle_request: stop_status
2023-01-11 10:04:00,997 DEBUG   SenderThread:3681 [sender.py:send_request():317] send_request: stop_status
2023-01-11 10:04:16,284 DEBUG   HandlerThread:3681 [handler.py:handle_request():139] handle_request: stop_status
2023-01-11 10:04:16,285 DEBUG   SenderThread:3681 [sender.py:send_request():317] send_request: stop_status
2023-01-11 10:04:31,636 DEBUG   HandlerThread:3681 [handler.py:handle_request():139] handle_request: stop_status
2023-01-11 10:04:31,637 DEBUG   SenderThread:3681 [sender.py:send_request():317] send_request: stop_status
2023-01-11 10:04:46,927 DEBUG   HandlerThread:3681 [handler.py:handle_request():139] handle_request: stop_status
2023-01-11 10:04:46,928 DEBUG   SenderThread:3681 [sender.py:send_request():317] send_request: stop_status
2023-01-11 10:05:02,220 DEBUG   HandlerThread:3681 [handler.py:handle_request():139] handle_request: stop_status
2023-01-11 10:05:02,221 DEBUG   SenderThread:3681 [sender.py:send_request():317] send_request: stop_status
2023-01-11 10:05:17,534 DEBUG   HandlerThread:3681 [handler.py:handle_request():139] handle_request: stop_status
2023-01-11 10:05:17,535 DEBUG   SenderThread:3681 [sender.py:send_request():317] send_request: stop_status
2023-01-11 10:05:32,808 DEBUG   HandlerThread:3681 [handler.py:handle_request():139] handle_request: stop_status
2023-01-11 10:05:32,808 DEBUG   SenderThread:3681 [sender.py:send_request():317] send_request: stop_status
